<?xml version="1.0" encoding="UTF-8"?>
<!-- Generated by org.testng.reporters.JUnitReportReporter -->
<testsuite skipped="0" hostname="DESKTOP-5OJJT7I" name="UtilClass" tests="1" failures="0" timestamp="04 Aug 2020 04:24:50 GMT" time="11.779" errors="0">
  <testcase name="testCase1" time="11.779" classname="UtilClass"/>
</testsuite> <!-- UtilClass -->
