<?xml version="1.0" encoding="UTF-8"?>
<!-- Generated by org.testng.reporters.JUnitReportReporter -->
<testsuite skipped="0" hostname="DESKTOP-5OJJT7I" name="com.crm.qa.testcases.LoginPageTest" tests="1" failures="0" timestamp="08 Aug 2020 10:57:51 GMT" time="28.790" errors="0">
  <testcase name="validateLoginPage" time="28.790" classname="com.crm.qa.testcases.LoginPageTest"/>
</testsuite> <!-- com.crm.qa.testcases.LoginPageTest -->
